{"level":"info","message":"Server is running on port 3200","timestamp":"2025-07-29T04:49:50.064Z"}
{"level":"info","message":"Server is running on port 3200","timestamp":"2025-07-29T04:51:09.362Z"}
{"level":"info","message":"GET /","timestamp":"2025-07-29T06:09:00.246Z"}
{"level":"info","message":"GET /style.css","timestamp":"2025-07-29T06:09:10.413Z"}
{"level":"info","message":"GET /favicon.ico","timestamp":"2025-07-29T06:09:12.097Z"}
{"level":"info","message":"GET /","timestamp":"2025-07-29T06:10:46.910Z"}
{"level":"info","message":"GET /style.css","timestamp":"2025-07-29T06:10:48.483Z"}
{"level":"info","message":"Server is running on port 3200","timestamp":"2025-07-30T11:14:17.257Z"}
{"level":"info","message":"GET /","timestamp":"2025-07-30T11:15:41.023Z"}
{"level":"info","message":"GET /style.css","timestamp":"2025-07-30T11:15:41.098Z"}
{"level":"info","message":"GET /favicon.ico","timestamp":"2025-07-30T11:15:41.192Z"}
{"level":"info","message":"POST /api/auth/datapicking","timestamp":"2025-07-30T11:16:57.596Z"}
{"level":"info","message":"Connected to SQL Server.","timestamp":"2025-07-30T11:16:57.800Z"}
{"level":"info","message":"Data picking date 2025-07-30 nopick 2149474 found","timestamp":"2025-07-30T11:16:57.854Z"}
{"level":"info","message":"Server is running on port 3200","timestamp":"2025-07-30T18:24:03.885Z"}
{"level":"info","message":"POST /api/auth/datapicking","timestamp":"2025-07-30T19:27:34.586Z"}
{"level":"info","message":"Connected to SQL Server.","timestamp":"2025-07-30T19:27:35.266Z"}
{"level":"info","message":"Data picking date 2025-07-30 nopick 2149474 found","timestamp":"2025-07-30T19:27:35.318Z"}
{"level":"info","message":"POST /api/auth/datapicking","timestamp":"2025-07-30T19:28:29.998Z"}
{"level":"info","message":"Data picking date 2025-07-30 nopick 2149474 found","timestamp":"2025-07-30T19:28:30.009Z"}
{"level":"info","message":"POST /api/auth/datapicking","timestamp":"2025-07-30T19:28:34.151Z"}
{"level":"info","message":"Data picking date 2025-07-30 nopick 2149474 found","timestamp":"2025-07-30T19:28:34.220Z"}
{"level":"info","message":"POST /api/auth/datapicking","timestamp":"2025-07-30T19:29:29.008Z"}
{"level":"info","message":"Data picking date 2025-07-30 nopick 2149474 found","timestamp":"2025-07-30T19:29:29.017Z"}
{"level":"info","message":"POST /api/auth/datapicking","timestamp":"2025-07-30T19:29:30.368Z"}
{"level":"info","message":"Data picking date 2025-07-30 nopick 2149474 found","timestamp":"2025-07-30T19:29:30.371Z"}
{"level":"info","message":"POST /api/auth/datapicking","timestamp":"2025-07-30T19:31:03.343Z"}
{"level":"info","message":"Data picking date 2025-07-30 nopick 2149474 found","timestamp":"2025-07-30T19:31:03.351Z"}
{"level":"info","message":"POST /api/auth/datapicking","timestamp":"2025-07-30T19:31:04.394Z"}
{"level":"info","message":"Data picking date 2025-07-30 nopick 2149474 found","timestamp":"2025-07-30T19:31:04.398Z"}
{"level":"info","message":"POST /api/auth/datapicking","timestamp":"2025-07-30T19:31:59.458Z"}
{"level":"info","message":"Data picking date 2025-07-30 nopick 2130554 found","timestamp":"2025-07-30T19:31:59.480Z"}
{"level":"info","message":"POST /api/auth/datapicking","timestamp":"2025-07-30T19:32:16.956Z"}
{"level":"info","message":"Data picking date 2025-07-02 nopick 2130554 found","timestamp":"2025-07-30T19:32:16.961Z"}
{"level":"info","message":"POST /api/auth/datapicking","timestamp":"2025-07-30T19:32:17.636Z"}
{"level":"info","message":"Data picking date 2025-07-02 nopick 2130554 found","timestamp":"2025-07-30T19:32:17.653Z"}
{"level":"info","message":"POST /api/auth/datapicking","timestamp":"2025-07-30T19:32:36.455Z"}
{"level":"info","message":"Data picking date 2025-05-02 nopick 2130554 found","timestamp":"2025-07-30T19:32:36.458Z"}
{"level":"info","message":"POST /api/auth/datapicking","timestamp":"2025-07-30T19:33:01.795Z"}
{"level":"info","message":"Data picking date 2025-05-02 nopick 2130554 found","timestamp":"2025-07-30T19:33:01.799Z"}
{"level":"info","message":"Server is running on port 3200","timestamp":"2025-07-30T19:33:17.088Z"}
{"level":"info","message":"POST /api/auth/datapicking","timestamp":"2025-07-30T19:33:19.475Z"}
{"level":"error","message":"Error in checkDataPickingController: checkDataPickingStoreModel is not a function","timestamp":"2025-07-30T19:33:19.510Z"}
{"level":"info","message":"POST /api/auth/datapicking","timestamp":"2025-07-30T19:33:33.578Z"}
{"level":"error","message":"Error in checkDataPickingController: checkDataPickingStoreModel is not a function","timestamp":"2025-07-30T19:33:33.580Z"}
{"level":"info","message":"POST /api/auth/datapicking","timestamp":"2025-07-30T19:34:08.442Z"}
{"level":"error","message":"Error in checkDataPickingController: checkDataPickingStoreModel is not a function","timestamp":"2025-07-30T19:34:08.443Z"}
{"level":"info","message":"POST /api/auth/datapicking","timestamp":"2025-07-30T19:34:09.531Z"}
{"level":"error","message":"Error in checkDataPickingController: checkDataPickingStoreModel is not a function","timestamp":"2025-07-30T19:34:09.532Z"}
{"level":"info","message":"POST /api/auth/datapicking","timestamp":"2025-07-30T19:34:10.241Z"}
{"level":"error","message":"Error in checkDataPickingController: checkDataPickingStoreModel is not a function","timestamp":"2025-07-30T19:34:10.243Z"}
{"level":"info","message":"Server is running on port 3200","timestamp":"2025-07-30T19:34:44.857Z"}
{"level":"info","message":"POST /api/auth/datapicking","timestamp":"2025-07-30T19:34:56.162Z"}
{"level":"error","message":"Error in checkDataPickingController: checkDataPickingStoreModel is not a function","timestamp":"2025-07-30T19:35:09.446Z"}
{"level":"info","message":"Server is running on port 3200","timestamp":"2025-07-30T19:35:40.727Z"}
{"level":"info","message":"Server is running on port 3200","timestamp":"2025-07-30T19:35:46.635Z"}
{"level":"info","message":"POST /api/auth/datapicking","timestamp":"2025-07-30T19:35:47.874Z"}
{"level":"error","message":"Error in checkDataPickingController: checkDataPickingStoreModel is not a function","timestamp":"2025-07-30T19:35:47.889Z"}
{"level":"info","message":"Server is running on port 3200","timestamp":"2025-07-30T19:36:24.614Z"}
{"level":"info","message":"Server is running on port 3200","timestamp":"2025-07-30T19:36:27.557Z"}
{"level":"info","message":"POST /api/auth/datapicking","timestamp":"2025-07-30T19:36:28.910Z"}
{"level":"error","message":"Error in checkDataPickingController: checkDataPickingStoreModel is not a function","timestamp":"2025-07-30T19:36:28.926Z"}
{"level":"info","message":"Server is running on port 3200","timestamp":"2025-07-30T19:37:31.488Z"}
{"level":"info","message":"POST /api/auth/datapicking","timestamp":"2025-07-30T19:37:32.327Z"}
{"level":"info","message":"Connected to SQL Server.","timestamp":"2025-07-30T19:37:32.365Z"}
{"level":"info","message":"Data picking date 2025-05-02 nopick 2130554 found","timestamp":"2025-07-30T19:37:32.384Z"}
{"level":"info","message":"Server is running on port 3200","timestamp":"2025-07-30T19:37:47.836Z"}
{"level":"info","message":"POST /api/auth/datapicking","timestamp":"2025-07-30T19:37:48.416Z"}
{"level":"info","message":"Connected to SQL Server.","timestamp":"2025-07-30T19:37:48.469Z"}
{"level":"info","message":"Data picking date 2025-05-02 nopick 2130554 found","timestamp":"2025-07-30T19:37:48.487Z"}
{"level":"info","message":"Server is running on port 3200","timestamp":"2025-07-30T19:38:02.417Z"}
{"level":"info","message":"POST /api/auth/datapicking","timestamp":"2025-07-30T19:38:03.286Z"}
{"level":"info","message":"Connected to SQL Server.","timestamp":"2025-07-30T19:38:03.326Z"}
{"level":"info","message":"Data picking date 2025-05-02 nopick 2130554 found","timestamp":"2025-07-30T19:38:03.343Z"}
{"level":"info","message":"Server is running on port 3200","timestamp":"2025-07-30T19:38:19.145Z"}
{"level":"info","message":"Server is running on port 3200","timestamp":"2025-07-30T19:38:22.061Z"}
{"level":"info","message":"POST /api/auth/datapicking","timestamp":"2025-07-30T19:38:22.706Z"}
{"level":"info","message":"Connected to SQL Server.","timestamp":"2025-07-30T19:38:22.745Z"}
{"level":"info","message":"Data picking date 2025-05-02 nopick 2130554 found","timestamp":"2025-07-30T19:38:22.764Z"}
{"level":"info","message":"Server is running on port 3200","timestamp":"2025-07-30T19:38:44.402Z"}
{"level":"info","message":"POST /api/auth/datapicking","timestamp":"2025-07-30T19:38:45.033Z"}
{"level":"info","message":"Connected to SQL Server.","timestamp":"2025-07-30T19:38:45.073Z"}
{"level":"info","message":"Data picking date 2025-05-02 nopick 2130554 found","timestamp":"2025-07-30T19:38:45.091Z"}
{"level":"info","message":"Server is running on port 3200","timestamp":"2025-07-30T19:43:14.226Z"}
{"level":"info","message":"Server is running on port 3200","timestamp":"2025-07-30T19:43:37.272Z"}
{"level":"info","message":"Server is running on port 3200","timestamp":"2025-07-30T19:44:08.398Z"}
{"level":"info","message":"Server is running on port 3200","timestamp":"2025-07-30T19:44:17.764Z"}
{"level":"info","message":"Server is running on port 3200","timestamp":"2025-07-30T19:48:04.200Z"}
{"level":"info","message":"POST /api/auth/datapicking","timestamp":"2025-07-30T19:48:11.529Z"}
{"level":"info","message":"Connected to SQL Server.","timestamp":"2025-07-30T19:48:11.570Z"}
{"level":"error","message":"Error saat mengambil data picking:","timestamp":"2025-07-30T19:48:11.591Z"}
{"level":"error","message":"Error in checkDataPickingController: Invalid object name 'Split_Picking_2060323'.","timestamp":"2025-07-30T19:48:11.597Z"}
{"level":"info","message":"Server is running on port 3200","timestamp":"2025-07-30T19:54:08.921Z"}
{"level":"info","message":"POST /api/auth/datapicking","timestamp":"2025-07-30T19:54:12.053Z"}
{"level":"error","message":"Error in checkDataPickingController: checkDataPickingModel is not a function","timestamp":"2025-07-30T19:54:12.070Z"}
{"level":"info","message":"POST /api/auth/datapicking","timestamp":"2025-07-30T19:54:24.898Z"}
{"level":"error","message":"Error in checkDataPickingController: checkDataPickingModel is not a function","timestamp":"2025-07-30T19:54:24.900Z"}
{"level":"info","message":"Server is running on port 3200","timestamp":"2025-07-30T19:56:36.044Z"}
{"level":"info","message":"POST /api/auth/datapicking","timestamp":"2025-07-30T19:56:37.641Z"}
{"level":"info","message":"Connected to SQL Server.","timestamp":"2025-07-30T19:56:37.680Z"}
{"level":"error","message":"Error saat mengambil data picking toko:","timestamp":"2025-07-30T19:56:37.680Z"}
{"level":"error","message":"Error in checkDataPickingController: Cannot access 'urut' before initialization","timestamp":"2025-07-30T19:56:37.681Z"}
{"level":"info","message":"Server is running on port 3200","timestamp":"2025-07-30T20:01:10.403Z"}
{"level":"info","message":"Server is running on port 3200","timestamp":"2025-07-30T20:01:17.475Z"}
{"level":"info","message":"POST /api/auth/datapicking","timestamp":"2025-07-30T20:01:47.691Z"}
{"level":"info","message":"Connected to SQL Server.","timestamp":"2025-07-30T20:01:47.732Z"}
{"level":"info","message":"Tabel Split_Picking_2060323 tidak ditemukan.","timestamp":"2025-07-30T20:01:47.757Z"}
{"level":"info","message":"Data picking date 2025-05-02 nopick 2130554 not found","timestamp":"2025-07-30T20:01:47.758Z"}
{"level":"info","message":"Server is running on port 3200","timestamp":"2025-07-30T20:03:18.470Z"}
{"level":"info","message":"POST /api/auth/datapicking","timestamp":"2025-07-30T20:03:19.975Z"}
{"level":"info","message":"Connected to SQL Server.","timestamp":"2025-07-30T20:03:20.013Z"}
{"level":"info","message":"Tabel Split_Picking_2060323 tidak ditemukan.","timestamp":"2025-07-30T20:03:20.034Z"}
{"level":"info","message":"Data picking date 2025-05-02 nopick 2130554 not found","timestamp":"2025-07-30T20:03:20.034Z"}
{"level":"info","message":"Server is running on port 3200","timestamp":"2025-07-30T20:03:30.997Z"}
{"level":"info","message":"Server is running on port 3200","timestamp":"2025-07-30T20:04:08.281Z"}
{"level":"info","message":"Server is running on port 3200","timestamp":"2025-07-30T20:04:16.599Z"}
{"level":"info","message":"Server is running on port 3200","timestamp":"2025-07-30T20:04:27.956Z"}
{"level":"info","message":"POST /api/auth/datapicking","timestamp":"2025-07-30T20:04:33.807Z"}
{"level":"info","message":"Connected to SQL Server.","timestamp":"2025-07-30T20:04:33.847Z"}
{"level":"info","message":"Tabel Split_Picking_2060323 tidak ditemukan.","timestamp":"2025-07-30T20:04:33.868Z"}
{"level":"info","message":"Data picking date 2025-05-02 nopick 2130554 not found","timestamp":"2025-07-30T20:04:33.868Z"}
{"level":"info","message":"POST /api/auth/checkdatapicking","timestamp":"2025-07-30T20:07:13.869Z"}
{"level":"info","message":"Server is running on port 3200","timestamp":"2025-07-30T20:07:19.044Z"}
{"level":"info","message":"POST /api/auth/checkdatapicking","timestamp":"2025-07-30T20:07:21.708Z"}
{"level":"info","message":"Connected to SQL Server.","timestamp":"2025-07-30T20:07:21.747Z"}
{"level":"info","message":"Tabel Split_Picking_2060323 tidak ditemukan.","timestamp":"2025-07-30T20:07:21.768Z"}
{"level":"info","message":"Data picking date 2025-05-02 nopick 2130554 not found","timestamp":"2025-07-30T20:07:21.769Z"}
{"level":"info","message":"Server is running on port 3200","timestamp":"2025-07-30T20:13:43.518Z"}
{"level":"info","message":"Server is running on port 3200","timestamp":"2025-07-30T20:14:26.511Z"}
{"level":"info","message":"Server is running on port 3200","timestamp":"2025-07-30T20:15:24.174Z"}
{"level":"info","message":"Server is running on port 3200","timestamp":"2025-07-30T20:20:28.537Z"}
{"level":"info","message":"Server is running on port 3200","timestamp":"2025-07-30T20:20:30.778Z"}
{"level":"info","message":"Server is running on port 3200","timestamp":"2025-07-30T20:22:33.249Z"}
{"level":"info","message":"Server is running on port 3200","timestamp":"2025-07-30T20:25:35.737Z"}
{"level":"info","message":"Server is running on port 3200","timestamp":"2025-07-30T20:25:47.187Z"}
{"level":"info","message":"Server is running on port 3200","timestamp":"2025-07-30T20:27:00.744Z"}
{"level":"info","message":"Server is running on port 3200","timestamp":"2025-07-30T20:28:56.739Z"}
{"level":"info","message":"Server is running on port 3200","timestamp":"2025-07-30T20:31:06.315Z"}
{"level":"info","message":"Server is running on port 3200","timestamp":"2025-07-30T20:38:42.901Z"}
{"level":"info","message":"Server is running on port 3200","timestamp":"2025-07-30T20:38:57.620Z"}
{"level":"info","message":"Server is running on port 3200","timestamp":"2025-07-30T20:42:52.701Z"}
{"level":"info","message":"Server is running on port 3200","timestamp":"2025-07-30T20:43:15.822Z"}
{"level":"info","message":"Server is running on port 3200","timestamp":"2025-07-30T20:44:42.583Z"}
{"level":"info","message":"Server is running on port 3200","timestamp":"2025-07-30T20:44:58.999Z"}
{"level":"info","message":"Server is running on port 3200","timestamp":"2025-07-30T20:46:48.118Z"}
{"level":"info","message":"Server is running on port 3200","timestamp":"2025-07-30T20:46:58.393Z"}
{"level":"info","message":"Server is running on port 3200","timestamp":"2025-07-30T20:47:02.671Z"}
{"level":"info","message":"POST /api/auth/checkdatapicking","timestamp":"2025-07-30T20:47:27.186Z"}
{"level":"info","message":"Connected to SQL Server.","timestamp":"2025-07-30T20:47:27.280Z"}
{"level":"info","message":"Info in checkDataPickingModel: Tabel Split_Picking_2060323 tidak ditemukan.","timestamp":"2025-07-30T20:47:27.299Z"}
{"level":"info","message":"Info in checkDataPickingController: Data picking date 2025-05-02 nopick 2130554 not found","timestamp":"2025-07-30T20:47:27.300Z"}
{"level":"info","message":"Server is running on port 3200","timestamp":"2025-07-30T20:48:25.958Z"}
{"level":"info","message":"Server is running on port 3200","timestamp":"2025-07-30T20:48:39.625Z"}
{"level":"info","message":"POST /api/auth/updatedatapicking","timestamp":"2025-07-30T20:51:45.578Z"}
{"level":"info","message":"POST /api/auth/updatedatapicking","timestamp":"2025-07-30T20:52:10.737Z"}
{"level":"info","message":"POST /api/auth/updatedatapicking","timestamp":"2025-07-30T20:53:39.177Z"}
{"level":"info","message":"Connected to SQL Server.","timestamp":"2025-07-30T20:53:39.204Z"}
{"level":"error","message":"Error in updateDataPickingModel: Tabel Split_Picking_XXXXXXX tidak ditemukan.","timestamp":"2025-07-30T20:53:39.224Z"}
{"level":"error","message":"Error in updateDataPickingModel: Error saat memperbarui data picking:","timestamp":"2025-07-30T20:53:39.225Z"}
{"level":"error","message":"Error in updateDataPickingController: Tabel Split_Picking_XXXXXXX tidak ditemukan.","timestamp":"2025-07-30T20:53:39.225Z"}
{"level":"info","message":"Server is running on port 3200","timestamp":"2025-07-31T08:47:34.370Z"}
{"level":"info","message":"POST /api/auth/checkdatapicking","timestamp":"2025-07-31T08:47:53.245Z"}
{"level":"info","message":"Connected to SQL Server.","timestamp":"2025-07-31T08:47:53.626Z"}
{"level":"info","message":"Info in checkDataPickingController: Data picking date 2025-07-31 nopick 2149692 and nopick 20014608 found","timestamp":"2025-07-31T08:47:53.661Z"}
{"level":"info","message":"POST /api/auth/updatedatapicking","timestamp":"2025-07-31T08:51:55.857Z"}
{"level":"error","message":"Error in updateDataPickingController: nopick is not defined","timestamp":"2025-07-31T08:51:55.878Z"}
{"level":"info","message":"Server is running on port 3200","timestamp":"2025-07-31T08:53:14.519Z"}
{"level":"info","message":"Server is running on port 3200","timestamp":"2025-07-31T08:53:16.386Z"}
{"level":"info","message":"POST /api/auth/updatedatapicking","timestamp":"2025-07-31T08:53:19.143Z"}
{"level":"info","message":"Connected to SQL Server.","timestamp":"2025-07-31T08:53:19.315Z"}
{"level":"error","message":"Error in updateDataPickingController: nopick is not defined","timestamp":"2025-07-31T08:53:19.335Z"}
{"level":"info","message":"Server is running on port 3200","timestamp":"2025-07-31T08:54:46.073Z"}
{"level":"info","message":"POST /api/auth/checkdatapicking","timestamp":"2025-07-31T08:54:49.479Z"}
{"level":"info","message":"Connected to SQL Server.","timestamp":"2025-07-31T08:54:54.069Z"}
{"level":"info","message":"Info in checkDataPickingController: Data picking date 2025-07-31 nopick 2149692 and nopick 20014608 found","timestamp":"2025-07-31T08:54:54.093Z"}
{"level":"info","message":"POST /api/auth/updatedatapicking","timestamp":"2025-07-31T08:56:06.581Z"}
{"level":"info","message":"Info in updateDataPickingController: Data picking nomor 2078921 pluid 20014608 updated successfully","timestamp":"2025-07-31T08:56:06.597Z"}
{"level":"info","message":"POST /api/auth/checkdatapicking","timestamp":"2025-07-31T08:56:17.234Z"}
{"level":"info","message":"Info in checkDataPickingController: Data picking date 2025-07-31 nopick 2149692 and nopick 20014608 found","timestamp":"2025-07-31T08:56:17.246Z"}
{"level":"info","message":"POST /api/auth/checkdatapicking","timestamp":"2025-07-31T08:57:35.904Z"}
{"level":"info","message":"Info in checkDataPickingController: Data picking date 2025-07-31 nopick 2149692 and nopick 20014608 found","timestamp":"2025-07-31T08:57:35.927Z"}
{"level":"info","message":"POST /api/auth/checkdatapicking","timestamp":"2025-07-31T08:57:49.977Z"}
{"level":"info","message":"Info in checkDataPickingController: Data picking date 2025-07-31 nopick 2149692 and nopick 20014608 found","timestamp":"2025-07-31T08:57:49.985Z"}
{"level":"info","message":"POST /api/auth/checkdatapicking","timestamp":"2025-07-31T08:58:48.058Z"}
{"level":"info","message":"Info in checkDataPickingController: Data picking date 2025-07-31 nopick 2149692 and nopick 20092857 found","timestamp":"2025-07-31T08:58:48.081Z"}
{"level":"info","message":"POST /api/auth/updatedatapicking","timestamp":"2025-07-31T09:01:33.701Z"}
{"level":"info","message":"Info in updateDataPickingController: Data picking nomor 2078921 pluid 20092857 updated successfully","timestamp":"2025-07-31T09:01:33.718Z"}
{"level":"info","message":"POST /api/auth/checkdatapicking","timestamp":"2025-07-31T09:01:39.577Z"}
{"level":"info","message":"Info in checkDataPickingController: Data picking date 2025-07-31 nopick 2149692 and nopick 20092857 found","timestamp":"2025-07-31T09:01:39.589Z"}
{"level":"info","message":"POST /api/auth/updatedatapicking","timestamp":"2025-07-31T09:02:26.850Z"}
{"level":"info","message":"Info in updateDataPickingController: Data picking nomor 2078921 pluid 20092857 updated successfully","timestamp":"2025-07-31T09:02:26.866Z"}
{"level":"info","message":"Server is running on port 3200","timestamp":"2025-07-31T13:53:24.823Z"}
{"level":"info","message":"Server is running on port 3200","timestamp":"2025-08-04T12:20:03.394Z"}
{"level":"info","message":"Server is running on port 3200","timestamp":"2025-08-04T12:20:43.200Z"}
{"level":"info","message":"GET /","timestamp":"2025-08-04T12:22:03.266Z"}
{"level":"info","message":"GET /style.css","timestamp":"2025-08-04T12:22:04.566Z"}
{"level":"info","message":"GET /api-ssdc/info","timestamp":"2025-08-04T12:22:04.949Z"}
{"level":"info","message":"API /api-ssdc/info accessed","timestamp":"2025-08-04T12:22:04.951Z"}
{"level":"info","message":"GET /favicon.ico","timestamp":"2025-08-04T12:22:05.241Z"}
{"level":"info","message":"GET /","timestamp":"2025-08-04T12:23:01.487Z"}
{"level":"info","message":"GET /style.css","timestamp":"2025-08-04T12:23:01.557Z"}
{"level":"info","message":"GET /api-ssdc/info","timestamp":"2025-08-04T12:23:01.593Z"}
{"level":"info","message":"API /api-ssdc/info accessed","timestamp":"2025-08-04T12:23:01.622Z"}
{"level":"info","message":"Server is running on port 3200","timestamp":"2025-08-04T12:23:28.356Z"}
{"level":"info","message":"GET /","timestamp":"2025-08-04T12:23:31.143Z"}
{"level":"info","message":"GET /style.css","timestamp":"2025-08-04T12:23:31.167Z"}
{"level":"info","message":"GET /api-ssdc/info","timestamp":"2025-08-04T12:23:31.564Z"}
{"level":"info","message":"API /api-ssdc/info accessed","timestamp":"2025-08-04T12:23:31.567Z"}
{"level":"info","message":"GET /","timestamp":"2025-08-04T12:24:42.266Z"}
{"level":"info","message":"GET /style.css","timestamp":"2025-08-04T12:24:42.295Z"}
{"level":"info","message":"GET /api-ssdc/info","timestamp":"2025-08-04T12:24:42.383Z"}
{"level":"info","message":"API /api-ssdc/info accessed","timestamp":"2025-08-04T12:24:42.385Z"}
{"level":"info","message":"GET /","timestamp":"2025-08-04T12:24:55.922Z"}
{"level":"info","message":"GET /style.css","timestamp":"2025-08-04T12:24:55.949Z"}
{"level":"info","message":"GET /api-ssdc/info","timestamp":"2025-08-04T12:24:56.011Z"}
{"level":"info","message":"API /api-ssdc/info accessed","timestamp":"2025-08-04T12:24:56.014Z"}
{"level":"info","message":"POST /api-ssdc/planopick/checkdatapicking","timestamp":"2025-08-04T12:30:29.521Z"}
{"level":"info","message":"Connected to SQL Server.","timestamp":"2025-08-04T12:30:29.737Z"}
{"level":"info","message":"Info in checkDataPickingModel: Tabel Split_Picking_2078921 tidak ditemukan.","timestamp":"2025-08-04T12:30:29.795Z"}
{"level":"info","message":"Info in checkDataPickingController: Data picking date 2025-07-31 nopick 2149692 not found","timestamp":"2025-08-04T12:30:29.795Z"}
{"level":"info","message":"GET /","timestamp":"2025-08-04T12:31:02.610Z"}
{"level":"info","message":"GET /style.css","timestamp":"2025-08-04T12:31:02.764Z"}
{"level":"info","message":"GET /api-ssdc/info","timestamp":"2025-08-04T12:31:03.009Z"}
{"level":"info","message":"API /api-ssdc/info accessed","timestamp":"2025-08-04T12:31:03.025Z"}
{"level":"info","message":"Server is running on port 3200","timestamp":"2025-08-04T12:34:07.097Z"}
{"level":"info","message":"GET /","timestamp":"2025-08-04T12:35:46.495Z"}
{"level":"info","message":"GET /style.css","timestamp":"2025-08-04T12:35:46.562Z"}
{"level":"info","message":"GET /api-ssdc/info","timestamp":"2025-08-04T12:35:46.666Z"}
{"level":"info","message":"API /api-ssdc/info accessed","timestamp":"2025-08-04T12:35:46.823Z"}
{"level":"info","message":"GET /","timestamp":"2025-08-04T12:36:37.418Z"}
{"level":"info","message":"GET /style.css","timestamp":"2025-08-04T12:36:37.440Z"}
{"level":"info","message":"GET /api-ssdc/info","timestamp":"2025-08-04T12:36:37.543Z"}
{"level":"info","message":"API /api-ssdc/info accessed","timestamp":"2025-08-04T12:36:37.544Z"}
{"level":"info","message":"Server is running on port 3200","timestamp":"2025-08-04T12:38:29.245Z"}
{"level":"info","message":"GET /","timestamp":"2025-08-04T12:47:37.371Z"}
{"level":"info","message":"GET /style.css","timestamp":"2025-08-04T12:47:37.399Z"}
{"level":"info","message":"GET /api-ssdc/info","timestamp":"2025-08-04T12:47:37.547Z"}
{"level":"info","message":"API /api-ssdc/info accessed","timestamp":"2025-08-04T12:47:37.552Z"}
{"level":"info","message":"Server is running on port 3200","timestamp":"2025-08-04T12:48:12.960Z"}
{"level":"info","message":"GET /","timestamp":"2025-08-04T12:48:16.307Z"}
{"level":"info","message":"GET /style.css","timestamp":"2025-08-04T12:48:16.333Z"}
{"level":"info","message":"GET /api-ssdc/info","timestamp":"2025-08-04T12:48:16.385Z"}
{"level":"info","message":"API /api-ssdc/info accessed","timestamp":"2025-08-04T12:48:16.391Z"}
{"level":"info","message":"GET /","timestamp":"2025-08-04T12:48:20.728Z"}
{"level":"info","message":"GET /style.css","timestamp":"2025-08-04T12:48:20.783Z"}
{"level":"info","message":"GET /api-ssdc/info","timestamp":"2025-08-04T12:48:20.827Z"}
{"level":"info","message":"API /api-ssdc/info accessed","timestamp":"2025-08-04T12:48:20.830Z"}
{"level":"info","message":"GET /","timestamp":"2025-08-04T12:51:42.798Z"}
{"level":"info","message":"GET /style.css","timestamp":"2025-08-04T12:51:42.841Z"}
{"level":"info","message":"GET /api-ssdc/info","timestamp":"2025-08-04T12:51:42.890Z"}
{"level":"info","message":"API /api-ssdc/info accessed","timestamp":"2025-08-04T12:51:42.891Z"}
{"level":"info","message":"GET /","timestamp":"2025-08-04T12:51:45.150Z"}
{"level":"info","message":"GET /style.css","timestamp":"2025-08-04T12:51:45.167Z"}
{"level":"info","message":"GET /api-ssdc/info","timestamp":"2025-08-04T12:51:45.219Z"}
{"level":"info","message":"API /api-ssdc/info accessed","timestamp":"2025-08-04T12:51:45.221Z"}
{"level":"info","message":"GET /","timestamp":"2025-08-04T12:51:49.592Z"}
{"level":"info","message":"GET /style.css","timestamp":"2025-08-04T12:51:49.603Z"}
{"level":"info","message":"GET /api-ssdc/info","timestamp":"2025-08-04T12:51:49.640Z"}
{"level":"info","message":"API /api-ssdc/info accessed","timestamp":"2025-08-04T12:51:49.642Z"}
{"level":"info","message":"GET /","timestamp":"2025-08-04T12:53:14.698Z"}
{"level":"info","message":"GET /style.css","timestamp":"2025-08-04T12:53:14.741Z"}
{"level":"info","message":"GET /api-ssdc/info","timestamp":"2025-08-04T12:53:14.787Z"}
{"level":"info","message":"API /api-ssdc/info accessed","timestamp":"2025-08-04T12:53:14.845Z"}
{"level":"info","message":"GET /","timestamp":"2025-08-04T12:54:04.315Z"}
{"level":"info","message":"GET /style.css","timestamp":"2025-08-04T12:54:04.325Z"}
{"level":"info","message":"GET /api-ssdc/info","timestamp":"2025-08-04T12:54:04.386Z"}
{"level":"info","message":"API /api-ssdc/info accessed","timestamp":"2025-08-04T12:54:04.387Z"}
{"level":"info","message":"GET /","timestamp":"2025-08-04T12:54:54.175Z"}
{"level":"info","message":"GET /style.css","timestamp":"2025-08-04T12:54:54.199Z"}
{"level":"info","message":"GET /api-ssdc/info","timestamp":"2025-08-04T12:54:54.253Z"}
{"level":"info","message":"API /api-ssdc/info accessed","timestamp":"2025-08-04T12:54:54.254Z"}
{"level":"info","message":"GET /","timestamp":"2025-08-04T12:55:07.978Z"}
{"level":"info","message":"GET /style.css","timestamp":"2025-08-04T12:55:08.007Z"}
{"level":"info","message":"GET /api-ssdc/info","timestamp":"2025-08-04T12:55:08.047Z"}
{"level":"info","message":"API /api-ssdc/info accessed","timestamp":"2025-08-04T12:55:08.049Z"}
{"level":"info","message":"GET /","timestamp":"2025-08-04T12:55:31.985Z"}
{"level":"info","message":"GET /style.css","timestamp":"2025-08-04T12:55:31.998Z"}
{"level":"info","message":"GET /api-ssdc/info","timestamp":"2025-08-04T12:55:32.044Z"}
{"level":"info","message":"API /api-ssdc/info accessed","timestamp":"2025-08-04T12:55:32.046Z"}
{"level":"info","message":"GET /api-ssdc","timestamp":"2025-08-04T12:55:57.364Z"}
{"level":"info","message":"GET /api-ssdc/info","timestamp":"2025-08-04T12:56:02.822Z"}
{"level":"info","message":"API /api-ssdc/info accessed","timestamp":"2025-08-04T12:56:02.823Z"}
{"level":"info","message":"GET /","timestamp":"2025-08-04T12:56:22.341Z"}
{"level":"info","message":"GET /style.css","timestamp":"2025-08-04T12:56:22.357Z"}
{"level":"info","message":"GET /api-ssdc/info","timestamp":"2025-08-04T12:56:22.396Z"}
{"level":"info","message":"API /api-ssdc/info accessed","timestamp":"2025-08-04T12:56:22.398Z"}
{"level":"info","message":"GET /","timestamp":"2025-08-04T12:57:21.686Z"}
{"level":"info","message":"GET /style.css","timestamp":"2025-08-04T12:57:21.714Z"}
{"level":"info","message":"GET /api-ssdc/info","timestamp":"2025-08-04T12:57:21.769Z"}
{"level":"info","message":"API /api-ssdc/info accessed","timestamp":"2025-08-04T12:57:21.771Z"}
{"level":"info","message":"Server is running on port 3200","timestamp":"2025-08-12T10:46:06.983Z"}
{"level":"info","message":"GET /","timestamp":"2025-08-12T10:46:33.052Z"}
{"level":"info","message":"GET /style.css","timestamp":"2025-08-12T10:46:33.107Z"}
{"level":"info","message":"GET /api-ssdc/app/info","timestamp":"2025-08-12T10:46:33.400Z"}
{"level":"info","message":"API /api-ssdc/app/info accessed","timestamp":"2025-08-12T10:46:33.402Z"}
{"level":"info","message":"GET /favicon.ico","timestamp":"2025-08-12T10:46:33.453Z"}
{"level":"info","message":"Server is running on port 3200","timestamp":"2025-08-12T10:47:36.265Z"}
{"level":"info","message":"POST /api-ssdc/planopick/checkdatapicking","timestamp":"2025-08-12T10:49:46.169Z"}
{"level":"info","message":"POST /api-ssdc/main/planopick/checkdatapicking","timestamp":"2025-08-12T10:50:45.173Z"}
{"level":"info","message":"POST /api-ssdc/main/planopick/checkdatapicking","timestamp":"2025-08-12T10:51:16.765Z"}
{"level":"info","message":"GET /api-ssdc/app/info","timestamp":"2025-08-12T10:53:24.316Z"}
{"level":"info","message":"API /api-ssdc/app/info accessed","timestamp":"2025-08-12T10:53:24.351Z"}
{"level":"info","message":"GET /","timestamp":"2025-08-12T10:53:32.283Z"}
{"level":"info","message":"GET /style.css","timestamp":"2025-08-12T10:53:32.312Z"}
{"level":"info","message":"GET /api-ssdc/app/info","timestamp":"2025-08-12T10:53:32.344Z"}
{"level":"info","message":"API /api-ssdc/app/info accessed","timestamp":"2025-08-12T10:53:32.347Z"}
{"level":"info","message":"POST /api-ssdc/main/planopick/checkdatapicking","timestamp":"2025-08-12T10:53:54.766Z"}
{"level":"info","message":"POST /api-ssdc/main/planopick/checkdatapicking","timestamp":"2025-08-12T10:57:07.817Z"}
{"level":"info","message":"POST /api-ssdc/main/planopick/datapick","timestamp":"2025-08-12T10:58:38.097Z"}
{"level":"info","message":"POST /api-ssdc/main/planopick/datapick","timestamp":"2025-08-12T11:00:52.002Z"}
{"level":"info","message":"POST /api-ssdc/main/planopick/datapick","timestamp":"2025-08-12T11:06:45.671Z"}
{"level":"info","message":"Connected to SQL Server.","timestamp":"2025-08-12T11:06:45.748Z"}
{"level":"info","message":"Info in checkDataPickingModel: Tabel Split_Picking_2081521 tidak ditemukan.","timestamp":"2025-08-12T11:06:45.791Z"}
{"level":"info","message":"Info in checkDataPickingController: Data picking date 2025-08-12 nopick 2152279 not found","timestamp":"2025-08-12T11:06:45.791Z"}
{"level":"info","message":"POST /api-ssdc/main/planopick/datapick","timestamp":"2025-08-12T11:07:38.448Z"}
{"level":"info","message":"Info in checkDataPickingModel: Tabel Split_Picking_2081521 tidak ditemukan.","timestamp":"2025-08-12T11:07:38.462Z"}
{"level":"info","message":"Info in checkDataPickingController: Data picking date 2025-08-12 nopick 2152279 not found","timestamp":"2025-08-12T11:07:38.463Z"}
{"level":"info","message":"POST /api-ssdc/main/planopick/datapick","timestamp":"2025-08-12T11:09:43.665Z"}
{"level":"info","message":"Info in checkDataPickingModel: Tabel Split_Picking_2081521 tidak ditemukan.","timestamp":"2025-08-12T11:09:43.680Z"}
{"level":"info","message":"Info in checkDataPickingController: Data picking date 2025-08-12 nopick 2152279 not found","timestamp":"2025-08-12T11:09:43.680Z"}
{"level":"info","message":"Server is running on port 3200","timestamp":"2025-08-12T11:15:24.409Z"}
{"level":"info","message":"GET /","timestamp":"2025-08-12T11:18:22.472Z"}
{"level":"info","message":"GET /style.css","timestamp":"2025-08-12T11:18:22.488Z"}
{"level":"info","message":"GET /api-ssdc/app/info","timestamp":"2025-08-12T11:18:22.531Z"}
{"level":"info","message":"API /api-ssdc/app/info accessed","timestamp":"2025-08-12T11:18:22.536Z"}
{"level":"info","message":"GET /api-ssdc/app/info","timestamp":"2025-08-12T11:18:39.074Z"}
{"level":"info","message":"API /api-ssdc/app/info accessed","timestamp":"2025-08-12T11:18:39.076Z"}
{"level":"info","message":"GET /","timestamp":"2025-08-12T11:18:41.928Z"}
{"level":"info","message":"GET /style.css","timestamp":"2025-08-12T11:18:41.950Z"}
{"level":"info","message":"GET /api-ssdc/app/info","timestamp":"2025-08-12T11:18:41.969Z"}
{"level":"info","message":"API /api-ssdc/app/info accessed","timestamp":"2025-08-12T11:18:41.970Z"}
{"level":"info","message":"POST /api-ssdc/main/planopick/datapick","timestamp":"2025-08-12T13:58:10.169Z"}
{"level":"info","message":"Connected to SQL Server.","timestamp":"2025-08-12T13:58:11.040Z"}
{"level":"info","message":"Info in checkDataPickingModel: Tabel Split_Picking_2081521 tidak ditemukan.","timestamp":"2025-08-12T13:58:11.103Z"}
{"level":"info","message":"Info in checkDataPickingController: Data picking date 2025-08-12 nopick 2152279 not found","timestamp":"2025-08-12T13:58:11.103Z"}
{"level":"info","message":"POST /api-ssdc/main/planopick/datapick","timestamp":"2025-08-12T13:58:54.383Z"}
{"level":"info","message":"Info in checkDataPickingModel: Tabel Split_Picking_2081521 tidak ditemukan.","timestamp":"2025-08-12T13:58:54.406Z"}
{"level":"info","message":"Info in checkDataPickingController: Data picking date 2025-08-12 nopick 2152279 not found","timestamp":"2025-08-12T13:58:54.406Z"}
{"level":"info","message":"Server is running on port 3200","timestamp":"2025-08-13T09:44:39.840Z"}
{"level":"info","message":"GET /","timestamp":"2025-08-13T09:44:40.202Z"}
{"level":"info","message":"GET /style.css","timestamp":"2025-08-13T09:44:40.230Z"}
{"level":"info","message":"GET /api-ssdc/app/info","timestamp":"2025-08-13T09:44:40.318Z"}
{"level":"info","message":"API /api-ssdc/app/info accessed","timestamp":"2025-08-13T09:44:40.320Z"}
{"level":"info","message":"GET /favicon.ico","timestamp":"2025-08-13T09:44:40.381Z"}
{"level":"info","message":"GET /","timestamp":"2025-08-13T09:44:43.350Z"}
{"level":"info","message":"GET /style.css","timestamp":"2025-08-13T09:44:43.365Z"}
{"level":"info","message":"GET /api-ssdc/app/info","timestamp":"2025-08-13T09:44:43.377Z"}
{"level":"info","message":"API /api-ssdc/app/info accessed","timestamp":"2025-08-13T09:44:43.379Z"}
{"level":"info","message":"POST /api-ssdc/main/planopick/datapick","timestamp":"2025-08-13T09:45:16.311Z"}
{"level":"info","message":"Connected to SQL Server.","timestamp":"2025-08-13T09:45:16.478Z"}
{"level":"info","message":"Info in checkDataPickingController: Data picking date 2025-08-13 nopick 2152535 and nopick 20053540 found","timestamp":"2025-08-13T09:45:16.515Z"}
{"level":"info","message":"PUT /api-ssdc/main/planopick/datapick/2152535","timestamp":"2025-08-13T09:50:04.327Z"}
{"level":"error","message":"Error in updateDataPickingModel: Tabel Split_Picking_2152535 tidak ditemukan.","timestamp":"2025-08-13T09:50:04.343Z"}
{"level":"error","message":"Error in updateDataPickingModel: Error saat memperbarui data picking:","timestamp":"2025-08-13T09:50:04.343Z"}
{"level":"error","message":"Error in updateDataPickingController: Tabel Split_Picking_2152535 tidak ditemukan.","timestamp":"2025-08-13T09:50:04.343Z"}
{"level":"info","message":"POST /api-ssdc/main/planopick/datapick","timestamp":"2025-08-13T09:54:17.068Z"}
{"level":"info","message":"Info in checkDataPickingController: Data picking date 2025-08-13 nopick 2152535 and nopick 20122285 found","timestamp":"2025-08-13T09:54:17.087Z"}
{"level":"info","message":"PUT /api-ssdc/main/planopick/datapick/2152535","timestamp":"2025-08-13T09:55:42.036Z"}
{"level":"error","message":"Error in updateDataPickingModel: Tabel Split_Picking_2152535 tidak ditemukan.","timestamp":"2025-08-13T09:55:42.045Z"}
{"level":"error","message":"Error in updateDataPickingModel: Error saat memperbarui data picking:","timestamp":"2025-08-13T09:55:42.045Z"}
{"level":"error","message":"Error in updateDataPickingController: Tabel Split_Picking_2152535 tidak ditemukan.","timestamp":"2025-08-13T09:55:42.046Z"}
{"level":"info","message":"Server is running on port 3200","timestamp":"2025-08-13T10:06:06.505Z"}
{"level":"info","message":"Server is running on port 3200","timestamp":"2025-08-13T10:06:12.867Z"}
{"level":"info","message":"POST /api-ssdc/main/planopick/datapick","timestamp":"2025-08-13T10:06:15.456Z"}
{"level":"info","message":"Connected to SQL Server.","timestamp":"2025-08-13T10:06:15.560Z"}
{"level":"info","message":"Info in checkDataPickingController: Data picking date 2025-08-13 nopick 2152535 and nopick 20122285 found","timestamp":"2025-08-13T10:06:15.586Z"}
{"level":"info","message":"POST /api-ssdc/main/planopick/datapick","timestamp":"2025-08-13T10:06:50.592Z"}
{"level":"info","message":"Info in checkDataPickingController: Data picking date 2025-08-13 nopick 2152535 and nopick 20122285 found","timestamp":"2025-08-13T10:06:50.610Z"}
{"level":"info","message":"PUT /api-ssdc/main/planopick/datapick/2081766","timestamp":"2025-08-13T10:07:49.891Z"}
{"level":"info","message":"Info in updateDataPickingController: Data picking nomor 2081766 pluid 20122285 updated successfully","timestamp":"2025-08-13T10:07:49.935Z"}
{"level":"info","message":"PUT /api-ssdc/main/planopick/datapick/2081766","timestamp":"2025-08-13T10:08:19.148Z"}
{"level":"info","message":"Info in updateDataPickingController: Data picking nomor 2081766 pluid 20122285 updated successfully","timestamp":"2025-08-13T10:08:19.170Z"}
{"level":"info","message":"Server is running on port 3200","timestamp":"2025-10-10T21:03:34.753Z"}
{"level":"info","message":"Server is running on port 3200","timestamp":"2025-10-10T21:27:17.425Z"}
{"level":"info","message":"Server is running on port 3200","timestamp":"2025-10-11T12:19:22.500Z"}
{"level":"info","message":"GET /","timestamp":"2025-10-11T12:19:40.130Z"}
{"level":"info","message":"GET /style.css","timestamp":"2025-10-11T12:19:40.295Z"}
{"level":"info","message":"GET /api-ssdc/app/info","timestamp":"2025-10-11T12:19:40.575Z"}
{"level":"info","message":"API /api-ssdc/app/info accessed","timestamp":"2025-10-11T12:19:40.580Z"}
{"level":"info","message":"GET /favicon.ico","timestamp":"2025-10-11T12:19:40.592Z"}
{"level":"info","message":"POST /api-ssdc/main/datapick","timestamp":"2025-10-11T12:23:49.571Z"}
{"level":"info","message":"POST /api-ssdc/main/planopick/datapick","timestamp":"2025-10-11T12:24:21.378Z"}
{"level":"info","message":"Connected to SQL Server.","timestamp":"2025-10-11T12:24:21.443Z"}
{"level":"info","message":"Info in checkDataPickingModel: Tabel Split_Picking_4 tidak ditemukan.","timestamp":"2025-10-11T12:24:21.562Z"}
{"level":"info","message":"Info in checkDataPickingController: Data picking date 2025-07-13 nopick 217529 not found","timestamp":"2025-10-11T12:24:21.563Z"}
{"level":"info","message":"POST /api-ssdc/main/planopick/datapick","timestamp":"2025-10-11T12:25:07.159Z"}
{"level":"info","message":"Info in checkDataPickingController: Data picking date 2025-07-13 nopick 217529 and nopick 2839 found","timestamp":"2025-10-11T12:25:07.272Z"}
{"level":"info","message":"POST /api-ssdc/main/planopick/datapick","timestamp":"2025-10-11T12:25:20.759Z"}
{"level":"info","message":"Info in checkDataPickingController: Data picking date 2025-07-13 nopick 217529 and nopick 2839 found","timestamp":"2025-10-11T12:25:20.777Z"}
{"level":"info","message":"POST /api-ssdc/main/planopick/datapick","timestamp":"2025-10-11T12:27:35.132Z"}
{"level":"info","message":"Info in checkDataPickingController: Data picking date 2025-07-13 nopick 217529 and nopick 2839 found","timestamp":"2025-10-11T12:27:35.334Z"}
{"level":"info","message":"POST /api-ssdc/main/planopick/datapick","timestamp":"2025-10-11T12:29:32.090Z"}
{"level":"info","message":"Info in checkDataPickingController: Data picking date 2025-07-13 nopick 217529 and nopick 2839 found","timestamp":"2025-10-11T12:29:32.215Z"}
{"level":"info","message":"POST /api-ssdc/main/planopick/datapick/4","timestamp":"2025-10-11T12:33:54.841Z"}
{"level":"info","message":"POST /api-ssdc/main/planopick/datapick/4","timestamp":"2025-10-11T12:34:44.648Z"}
{"level":"info","message":"POST /api-ssdc/main/planopick/datapick/4","timestamp":"2025-10-11T12:34:47.576Z"}
{"level":"info","message":"POST /api-ssdc/main/planopick/datapick","timestamp":"2025-10-11T12:34:59.938Z"}
{"level":"info","message":"Info in checkDataPickingController: Data picking date 2025-07-13 nopick 217529 and nopick 2839 found","timestamp":"2025-10-11T12:35:00.079Z"}
{"level":"info","message":"PUT /api-ssdc/main/planopick/datapick/4","timestamp":"2025-10-11T12:36:06.176Z"}
{"level":"info","message":"Info in updateDataPickingController: Data picking nomor 4 pluid 2839 updated successfully","timestamp":"2025-10-11T12:36:06.325Z"}
{"level":"info","message":"POST /api-ssdc/main/planopick/datapick","timestamp":"2025-10-11T12:36:11.191Z"}
{"level":"info","message":"Info in checkDataPickingController: Data picking date 2025-07-13 nopick 217529 and nopick 2839 found","timestamp":"2025-10-11T12:36:11.270Z"}
{"level":"info","message":"GET /","timestamp":"2025-10-14T15:56:44.959Z"}
{"level":"info","message":"GET /style.css","timestamp":"2025-10-14T15:56:45.043Z"}
{"level":"info","message":"GET /api-ssdc/app/info","timestamp":"2025-10-14T15:56:45.107Z"}
{"level":"info","message":"API /api-ssdc/app/info accessed","timestamp":"2025-10-14T15:56:45.136Z"}
{"level":"info","message":"Server is running on port 3200","timestamp":"2025-10-15T18:46:20.770Z"}
{"level":"info","message":"GET /","timestamp":"2025-10-15T18:46:55.602Z"}
{"level":"info","message":"GET /style.css","timestamp":"2025-10-15T18:46:55.825Z"}
{"level":"info","message":"GET /api-ssdc/app/info","timestamp":"2025-10-15T18:46:56.180Z"}
{"level":"info","message":"API /api-ssdc/app/info accessed","timestamp":"2025-10-15T18:46:56.214Z"}
{"level":"info","message":"GET /favicon.ico","timestamp":"2025-10-15T18:46:56.284Z"}
{"level":"info","message":"Server is running on port 3200","timestamp":"2025-10-15T18:59:28.943Z"}
